
 Average Values for the last   100 out of     5100 Dynamics Steps

 Simulation Time              5.1000 Picosecond
 Total Energy             -1191.8238 Kcal/mole   (+/-   1.8951)
 Potential Energy         -1749.1124 Kcal/mole   (+/-  15.8137)
 Kinetic Energy             557.2886 Kcal/mole   (+/-  15.7128)
 Temperature                  288.96 Kelvin      (+/-     8.15)
 Pressure                  -48168.42 Atmosphere  (+/-  1086.91)
 Density                      0.9884 Grams/cc    (+/-   0.0000)
Ave time for reneig                  =         0.000081539154053
Ave time for positions comm          =         0.000019164085388
Ave time for param                   =         0.000106897354126
Ave time for forces comm             =         0.000056698322296
Ave time for reciprocal forces comm  =         0.000055167675018
Ave time for real space forces comm  =         0.000001530647278
Ave time for bonded forces           =         0.000109305381775
Ave time for non bonded forces       =         0.618846135139465
Ave time for neighbor lists          =         0.000855839252472
Ave time for real space (permanent)  =         0.000000000000000
Ave time for real space (polar)      =         0.014999177455902
Ave time for fill grid (permanent)   =         0.015124042034149
Ave time for ffts (permanent)        =         0.018530108928680
Ave time for scalar prod (permanent) =         0.001363832950592
Ave time for extract grid (permanent)=         0.003619978427887
Ave time for rec-rec comm (permanent)=         0.000001595020294
Ave time for recip space (permanent) =         0.000000000000000
Ave time for recip space (polar)     =         0.014922809600830
 Time for 100 Steps:         62.1253
 Ave. Time per step:          0.6213
 ns per day:          0.1391

    MD Step      E Total   E Potential     E Kinetic       Temp       Pres

      5101    -1190.4240    -1744.6977      554.2737     287.40  -48037.33
      5102    -1190.7362    -1751.9538      561.2175     291.00  -49179.30
      5103    -1190.5391    -1737.8172      547.2782     283.77  -49556.77
      5104    -1191.4540    -1732.0202      540.5661     280.29  -49390.73
      5105    -1192.1497    -1747.5276      555.3779     287.97  -48957.50
      5106    -1190.4231    -1756.5183      566.0952     293.53  -48123.64
      5107    -1189.5973    -1749.1363      559.5390     290.13  -47115.82
      5108    -1189.0057    -1741.4642      552.4585     286.46  -46566.21
      5109    -1189.4628    -1745.4288      555.9660     288.28  -46899.24
      5110    -1191.2810    -1757.7857      566.5047     293.74  -47964.85
      5111    -1190.7110    -1763.5848      572.8738     297.04  -49107.51
      5112    -1190.3751    -1755.6805      565.3054     293.12  -49748.51
      5113    -1191.3605    -1751.1576      559.7971     290.26  -49785.65
      5114    -1192.0999    -1761.7592      569.6593     295.38  -49278.77
      5115    -1192.7617    -1767.1726      574.4109     297.84  -48217.00
      5116    -1191.7500    -1759.2989      567.5489     294.28  -47002.24
      5117    -1191.6311    -1750.2306      558.5996     289.64  -46414.04
      5118    -1191.2891    -1749.3568      558.0677     289.37  -46876.98
      5119    -1190.7694    -1756.1774      565.4080     293.17  -48145.41
      5120    -1190.6881    -1757.3976      566.7094     293.85  -49412.57
      5121    -1192.2993    -1747.4496      555.1503     287.85  -49970.39
      5122    -1192.8796    -1743.8719      550.9923     285.70  -49751.09
      5123    -1195.1686    -1756.2332      561.0645     290.92  -49001.96
      5124    -1193.8452    -1760.2977      566.4525     293.71  -47790.60
      5125    -1192.8857    -1748.7662      555.8805     288.23  -46608.16
      5126    -1193.6864    -1740.7832      547.0968     283.68  -46240.13
      5127    -1194.9241    -1747.8118      552.8877     286.68  -46981.57
      5128    -1194.7801    -1759.3260      564.5459     292.73  -48337.28
      5129    -1194.8777    -1758.6009      563.7232     292.30  -49524.16
      5130    -1194.7392    -1750.3780      555.6388     288.11  -50112.97
      5131    -1195.5053    -1754.4231      558.9178     289.81  -50139.52
      5132    -1195.1833    -1772.0587      576.8754     299.12  -49574.85
      5133    -1194.5910    -1775.2300      580.6390     301.07  -48364.89
      5134    -1193.4502    -1763.3426      569.8924     295.50  -47111.50
      5135    -1195.9663    -1760.5612      564.5949     292.75  -46766.43
      5136    -1196.7260    -1770.0464      573.3203     297.28  -47507.33
      5137    -1196.7187    -1778.2129      581.4942     301.51  -48762.36
      5138    -1196.4983    -1771.9192      575.4209     298.36  -49779.21
      5139    -1196.4790    -1761.0155      564.5365     292.72  -50239.79
      5140    -1196.6258    -1764.3301      567.7044     294.36  -50198.98
      5141    -1196.4286    -1776.0510      579.6224     300.54  -49607.44
      5142    -1195.4050    -1773.5289      578.1239     299.77  -48440.56
      5143    -1195.9942    -1757.3616      561.3675     291.08  -47244.64
      5144    -1195.7243    -1750.7585      555.0342     287.79  -46802.42
      5145    -1196.2867    -1757.1347      560.8480     290.81  -47323.91
      5146    -1195.6335    -1760.1865      564.5530     292.73  -48286.38
      5147    -1194.8517    -1748.7625      553.9108     287.21  -49096.83
      5148    -1195.0670    -1735.1556      540.0886     280.04  -49588.15
      5149    -1195.8331    -1739.8791      544.0460     282.10  -49831.73
      5150    -1197.2063    -1756.6363      559.4300     290.07  -49615.87
      5151    -1195.8370    -1757.9174      562.0803     291.45  -48631.99
      5152    -1195.8068    -1742.2389      546.4321     283.33  -47353.02
      5153    -1197.6327    -1737.7795      540.1468     280.07  -46766.24
      5154    -1196.8546    -1749.1561      552.3015     286.38  -47192.76
      5155    -1198.4834    -1755.6255      557.1421     288.89  -48153.71
      5156    -1198.8505    -1748.7156      549.8651     285.11  -48995.23
      5157    -1199.6955    -1739.5534      539.8579     279.92  -49496.40
      5158    -1201.8511    -1746.3568      544.5056     282.33  -49717.51
      5159    -1203.0288    -1763.5384      560.5096     290.63  -49535.72
      5160    -1202.1509    -1766.4072      564.2563     292.58  -48760.29
      5161    -1202.4639    -1752.8474      550.3835     285.38  -47780.00
      5162    -1204.4365    -1749.0508      544.6142     282.39  -47373.05
      5163    -1206.0310    -1759.8667      553.8357     287.17  -47739.65
      5164    -1203.3508    -1765.0441      561.6933     291.25  -48403.57
      5165    -1204.9954    -1757.6351      552.6397     286.55  -48994.93
      5166    -1204.4206    -1742.2304      537.8098     278.86  -49348.50
      5167    -1205.1039    -1739.5558      534.4519     277.12  -49667.70
      5168    -1205.7599    -1754.8138      549.0540     284.69  -49866.05
      5169    -1204.9162    -1759.1713      554.2551     287.39  -49441.31
      5170    -1206.2812    -1742.9162      536.6350     278.25  -48479.22
      5171    -1206.7599    -1734.8393      528.0794     273.82  -47819.74
      5172    -1207.3390    -1744.2130      536.8740     278.38  -47972.60
      5173    -1206.4187    -1751.1081      544.6894     282.43  -48639.10
      5174    -1206.8885    -1747.7979      540.9095     280.47  -49334.54
      5175    -1205.7745    -1733.6515      527.8770     273.71  -49706.64
      5176    -1206.5849    -1730.5047      523.9198     271.66  -49910.52
      5177    -1208.0877    -1749.6219      541.5342     280.79  -50022.12
      5178    -1208.5378    -1760.6221      552.0843     286.26  -49655.37
      5179    -1208.8752    -1749.4381      540.5629     280.29  -48859.63
      5180    -1208.9165    -1743.6640      534.7475     277.28  -48371.01
      5181    -1208.5166    -1754.6074      546.0908     283.16  -48547.49
      5182    -1207.5963    -1764.2783      556.6819     288.65  -49053.93
      5183    -1207.7429    -1765.4113      557.6685     289.16  -49498.59
      5184    -1205.9144    -1754.5728      548.6585     284.49  -49672.64
      5185    -1206.6598    -1749.8618      543.2020     281.66  -49827.98
      5186    -1206.3117    -1766.2623      559.9505     290.34  -50062.92
      5187    -1205.7578    -1776.4192      570.6614     295.90  -49899.67
      5188    -1204.2237    -1764.6521      560.4285     290.59  -49161.43
      5189    -1203.5540    -1757.4404      553.8864     287.20  -48545.29
      5190    -1204.7934    -1767.2229      562.4296     291.63  -48607.25
      5191    -1203.4591    -1777.3903      573.9313     297.59  -49175.83
      5192    -1204.4619    -1778.6686      574.2067     297.74  -49852.37
      5193    -1204.2263    -1766.4020      562.1756     291.50  -50203.23
      5194    -1204.1043    -1756.8842      552.7799     286.63  -50266.16
      5195    -1205.0868    -1769.1697      564.0829     292.49  -50240.23
      5196    -1204.6479    -1779.2943      574.6464     297.96  -49842.00
      5197    -1204.0358    -1767.7640      563.7282     292.30  -49051.64
      5198    -1204.5872    -1760.4344      555.8473     288.22  -48585.09
      5199    -1204.8999    -1769.4334      564.5335     292.72  -48823.57
      5200    -1204.0300    -1775.2990      571.2689     296.21  -49401.25

 Average Values for the last   100 out of     5200 Dynamics Steps

 Simulation Time              5.2000 Picosecond
 Total Energy             -1198.9151 Kcal/mole   (+/-   6.1174)
 Potential Energy         -1755.7363 Kcal/mole   (+/-  11.4782)
 Kinetic Energy             556.8212 Kcal/mole   (+/-  12.3585)
 Temperature                  288.72 Kelvin      (+/-     6.41)
 Pressure                  -48746.88 Atmosphere  (+/-  1085.69)
 Density                      0.9884 Grams/cc    (+/-   0.0000)
Ave time for reneig                  =         0.000081667900085
Ave time for positions comm          =         0.000019032955170
Ave time for param                   =         0.000107090473175
Ave time for forces comm             =         0.000056617259979
Ave time for reciprocal forces comm  =         0.000054996013641
Ave time for real space forces comm  =         0.000001621246338
Ave time for bonded forces           =         0.000108425617218
Ave time for non bonded forces       =         0.619764690399170
Ave time for neighbor lists          =         0.001285395622253
Ave time for real space (permanent)  =         0.000000000000000
Ave time for real space (polar)      =         0.015038919448853
Ave time for fill grid (permanent)   =         0.015123784542084
Ave time for ffts (permanent)        =         0.018521945476532
Ave time for scalar prod (permanent) =         0.001363031864166
Ave time for extract grid (permanent)=         0.003614866733551
Ave time for rec-rec comm (permanent)=         0.000001373291016
Ave time for recip space (permanent) =         0.000000000000000
Ave time for recip space (polar)     =         0.014939246177673
 Time for 100 Steps:         62.2690
 Ave. Time per step:          0.6227
 ns per day:          0.1388
