./library.make
r - MOD_action.o
r - MOD_analyz.o
r - MOD_angang.o
r - MOD_angle.o
r - MOD_angpot.o
r - MOD_argue.o
r - MOD_ascii.o
r - MOD_atmlst.o
r - MOD_atoms.o
r - MOD_atmtyp.o
r - MOD_bath.o
r - MOD_bitor.o
r - MOD_bndpot.o
r - MOD_bond.o
r - MOD_bound.o
r - MOD_boxes.o
r - MOD_cell.o
r - MOD_charge.o
r - MOD_chgpen.o
r - MOD_chgpot.o
r - MOD_chgtrn.o
r - MOD_chunks.o
r - MOD_couple.o
r - MOD_ctrpot.o
r - MOD_cutoff.o
r - MOD_deriv.o
r - MOD_divcon.o
r - MOD_disp.o
r - MOD_domdec.o
r - MOD_dsppot.o
r - MOD_energi.o
r - MOD_ewald.o
r - MOD_fft.o
r - MOD_fields.o
r - MOD_files.o
r - MOD_freeze.o
r - MOD_gemstuff.o
r - MOD_group.o
r - MOD_improp.o
r - MOD_imptor.o
r - MOD_inform.o
r - MOD_inter.o
r - MOD_iounit.o
r - MOD_kanang.o
r - MOD_kangs.o
r - MOD_kangs.o
r - MOD_katoms.o
r - MOD_kbonds.o
r - MOD_kchrge.o
r - MOD_kcpen.o
r - MOD_kctrn.o
r - MOD_kdsp.o
r - MOD_keys.o
r - MOD_khbond.o
r - MOD_kiprop.o
r - MOD_kgeoms.o
r - MOD_kitors.o
r - MOD_kmulti.o
r - MOD_kopbnd.o
r - MOD_kopdst.o
r - MOD_kpitor.o
r - MOD_kpolr.o
r - MOD_krepl.o
r - MOD_kstbnd.o
r - MOD_ksttor.o
r - MOD_ktorsn.o
r - MOD_ktrtor.o
r - MOD_kurybr.o
r - MOD_kvdwpr.o
r - MOD_kvdws.o
r - MOD_langevin.o
r - MOD_linmin.o
r - MOD_math.o
r - MOD_mpole.o
r - MOD_mdstuf.o
r - MOD_merck.o
r - MOD_minima.o
r - MOD_molcul.o
r - MOD_moldyn.o
r - MOD_mplpot.o
r - MOD_msmd.o
r - MOD_mutant.o
r - MOD_neigh.o
r - MOD_opbend.o
r - MOD_opdist.o
r - MOD_output.o
r - MOD_params.o
r - MOD_pitors.o
r - MOD_pme.o
r - MOD_polar.o
r - MOD_polgrp.o
r - MOD_polpot.o
r - MOD_potent.o
r - MOD_precis.o
r - MOD_ptable.o
r - MOD_repel.o
r - MOD_reppot.o
r - MOD_resdue.o
r - MOD_ring.o
r - MOD_scales.o
r - MOD_sizes.o
r - MOD_shunt.o
r - MOD_strbnd.o
r - MOD_strtor.o
r - MOD_timestat.o
r - MOD_titles.o
r - MOD_torpot.o
r - MOD_tors.o
r - MOD_tortor.o
r - MOD_units.o
r - MOD_uprior.o
r - MOD_urey.o
r - MOD_urypot.o
r - MOD_usage.o
r - MOD_utils.o
r - MOD_virial.o
r - MOD_vdw.o
r - MOD_vdwpot.o
r - active.o
r - analysis.o
r - analyze.o
r - angles.o
r - attach.o
r - basefile.o
r - beeman.o
r - bicubic.o
r - baoab.o
r - baoabpiston.o
r - baoabrespa.o
r - baoabrespa1.o
r - bar.o
r - bbk.o
r - bitors.o
r - bonds.o
r - bounds.o
r - calendar.o
r - chkpole.o
r - chkring.o
r - chkxyz.o
r - cholesky.o
r - cluster.o
r - command.o
r - control.o
r - cspline.o
r - cutoffs.o
r - damping.o
r - dcinduce_shortreal.o
r - dcinduce_pme2.o
r - dcinduce_pme.o
r - dcinduce_pme2.o
r - diis.o
r - domdecstuff.o
r - dynamic.o
r - eangang.o
r - eangang1.o
r - eangang3.o
r - eangle.o
r - eangle1.o
r - eangle3.o
r - ebond.o
r - ebond1.o
r - ebond3.o
r - echarge.o
r - echarge1.o
r - echarge3.o
r - echgtrn.o
r - echgtrn1.o
r - echgtrn3.o
r - edisp.o
r - edisp1.o
r - edisp3.o
r - egemcx.o
r - egeom.o
r - egeom1.o
r - egeom3.o
r - ehal.o
r - ehal1.o
r - ehal3.o
r - ehalgem.o
r - eimprop.o
r - eimprop1.o
r - eimprop3.o
r - eimptor.o
r - eimptor1.o
r - eimptor3.o
r - elj.o
r - elj1.o
r - elj3.o
r - empole.o
r - empole0.o
r - empole1.o
r - empole3.o
r - energy.o
r - eopbend.o
r - eopbend1.o
r - eopbend3.o
r - eopdist.o
r - eopdist1.o
r - eopdist3.o
r - epitors.o
r - epitors1.o
r - epitors3.o
r - epolar.o
r - epolar1.o
r - epolar3.o
r - epolar1tcg1shortreal.o
r - epolar1tcg2shortreal.o
r - epolar1tcg.o
r - epolar1tcg2.o
r - epolar1tcg2_2.o
r - epolar1tcg_2.o
r - epolar3tcg.o
r - epolar3tcg_2.o
r - erepel.o
r - erepel1.o
r - erepel3.o
r - erf.o
r - esmd1.o
r - estrbnd.o
r - estrbnd1.o
r - estrbnd3.o
r - estrtor.o
r - estrtor1.o
r - estrtor3.o
r - etors.o
r - etors1.o
r - etors3.o
r - etortor.o
r - etortor1.o
r - etortor3.o
r - eurey.o
r - eurey1.o
r - eurey3.o
r - evcorr.o
r - extra.o
r - extra1.o
r - extra3.o
r - fatal.o
r - fft_mpi.o
r - field.o
r - final.o
r - freeunit.o
r - geminit.o
r - geometry.o
r - getkey.o
r - getnumb.o
r - getprm.o
r - getstring.o
r - gettext.o
r - getword.o
r - getxyz.o
r - gradient.o
r - image.o
r - initatom.o
r - initial.o
r - initprm.o
r - initres.o
r - invert.o
r - kangang.o
r - kangle.o
r - katom.o
r - kbond.o
r - kcharge.o
r - kchgtrn.o
r - kdisp.o
r - kewald.o
r - kgeom.o
r - kimprop.o
r - kimptor.o
r - kinetic.o
r - kmpole.o
r - kopbend.o
r - kopdist.o
r - kpitors.o
r - kpolar.o
r - krepel.o
r - ksmd.o
r - kstrbnd.o
r - kstrtor.o
r - ktors.o
r - ktortor.o
r - kurey.o
r - kvdw.o
r - lattice.o
r - lbfgs.o
r - linalg.o
r - maxwell.o
r - mdinit.o
r - mdrest.o
r - mdsave.o
r - mdstat.o
r - mechanic.o
r - minimize.o
r - molecule.o
r - mpistuff.o
r - mutate.o
r - nblist.o
r - newinduce_shortreal.o
r - newinduce_pme.o
r - newinduce_pme2.o
r - nextarg.o
r - nexttext.o
r - nspline.o
r - number.o
r - numeral.o
r - openend.o
r - optsave.o
r - pmestuff.o
r - precise.o
r - pressure.o
r - prime.o
r - prmkey.o
r - promo.o
r - promosmd.o
r - prtdyn.o
r - prtxyz.o
r - random.o
r - rattle.o
r - readdyn.o
r - readprm.o
r - readxyz.o
r - respa.o
r - respa1.o
r - rings.o
r - rotpole.o
r - scalders.o
r - search.o
r - shakeup.o
r - sort.o
r - suffix.o
r - switch.o
r - tcgstuff.o
r - temper.o
r - testgrad.o
r - torphase.o
r - torque.o
r - torsions.o
r - trimtext.o
r - unitcell.o
r - utils.o
r - verlet.o
r - version.o
./library.make
r - MOD_action.o
r - MOD_analyz.o
r - MOD_angang.o
r - MOD_angle.o
r - MOD_angpot.o
r - MOD_argue.o
r - MOD_ascii.o
r - MOD_atmlst.o
r - MOD_atoms.o
r - MOD_atmtyp.o
r - MOD_bath.o
r - MOD_bitor.o
r - MOD_bndpot.o
r - MOD_bond.o
r - MOD_bound.o
r - MOD_boxes.o
r - MOD_cell.o
r - MOD_charge.o
r - MOD_chgpen.o
r - MOD_chgpot.o
r - MOD_chgtrn.o
r - MOD_chunks.o
r - MOD_couple.o
r - MOD_ctrpot.o
r - MOD_cutoff.o
r - MOD_deriv.o
r - MOD_divcon.o
r - MOD_disp.o
r - MOD_domdec.o
r - MOD_dsppot.o
r - MOD_energi.o
r - MOD_ewald.o
r - MOD_fft.o
r - MOD_fields.o
r - MOD_files.o
r - MOD_freeze.o
r - MOD_gemstuff.o
r - MOD_group.o
r - MOD_improp.o
r - MOD_imptor.o
r - MOD_inform.o
r - MOD_inter.o
r - MOD_iounit.o
r - MOD_kanang.o
r - MOD_kangs.o
r - MOD_kangs.o
r - MOD_katoms.o
r - MOD_kbonds.o
r - MOD_kchrge.o
r - MOD_kcpen.o
r - MOD_kctrn.o
r - MOD_kdsp.o
r - MOD_keys.o
r - MOD_khbond.o
r - MOD_kiprop.o
r - MOD_kgeoms.o
r - MOD_kitors.o
r - MOD_kmulti.o
r - MOD_kopbnd.o
r - MOD_kopdst.o
r - MOD_kpitor.o
r - MOD_kpolr.o
r - MOD_krepl.o
r - MOD_kstbnd.o
r - MOD_ksttor.o
r - MOD_ktorsn.o
r - MOD_ktrtor.o
r - MOD_kurybr.o
r - MOD_kvdwpr.o
r - MOD_kvdws.o
r - MOD_langevin.o
r - MOD_linmin.o
r - MOD_math.o
r - MOD_mpole.o
r - MOD_mdstuf.o
r - MOD_merck.o
r - MOD_minima.o
r - MOD_molcul.o
r - MOD_moldyn.o
r - MOD_mplpot.o
r - MOD_msmd.o
r - MOD_mutant.o
r - MOD_neigh.o
r - MOD_opbend.o
r - MOD_opdist.o
r - MOD_output.o
r - MOD_params.o
r - MOD_pitors.o
r - MOD_pme.o
r - MOD_polar.o
r - MOD_polgrp.o
r - MOD_polpot.o
r - MOD_potent.o
r - MOD_precis.o
r - MOD_ptable.o
r - MOD_repel.o
r - MOD_reppot.o
r - MOD_resdue.o
r - MOD_ring.o
r - MOD_scales.o
r - MOD_sizes.o
r - MOD_shunt.o
r - MOD_strbnd.o
r - MOD_strtor.o
r - MOD_timestat.o
r - MOD_titles.o
r - MOD_torpot.o
r - MOD_tors.o
r - MOD_tortor.o
r - MOD_units.o
r - MOD_uprior.o
r - MOD_urey.o
r - MOD_urypot.o
r - MOD_usage.o
r - MOD_utils.o
r - MOD_virial.o
r - MOD_vdw.o
r - MOD_vdwpot.o
r - active.o
r - analysis.o
r - analyze.o
r - angles.o
r - attach.o
r - basefile.o
r - beeman.o
r - bicubic.o
r - baoab.o
r - baoabpiston.o
r - baoabrespa.o
r - baoabrespa1.o
r - bar.o
r - bbk.o
r - bitors.o
r - bonds.o
r - bounds.o
r - calendar.o
r - chkpole.o
r - chkring.o
r - chkxyz.o
r - cholesky.o
r - cluster.o
r - command.o
r - control.o
r - cspline.o
r - cutoffs.o
r - damping.o
r - dcinduce_shortreal.o
r - dcinduce_pme2.o
r - dcinduce_pme.o
r - dcinduce_pme2.o
r - diis.o
r - domdecstuff.o
r - dynamic.o
r - eangang.o
r - eangang1.o
r - eangang3.o
r - eangle.o
r - eangle1.o
r - eangle3.o
r - ebond.o
r - ebond1.o
r - ebond3.o
r - echarge.o
r - echarge1.o
r - echarge3.o
r - echgtrn.o
r - echgtrn1.o
r - echgtrn3.o
r - edisp.o
r - edisp1.o
r - edisp3.o
r - egemcx.o
r - egeom.o
r - egeom1.o
r - egeom3.o
r - ehal.o
r - ehal1.o
r - ehal3.o
r - ehalgem.o
r - eimprop.o
r - eimprop1.o
r - eimprop3.o
r - eimptor.o
r - eimptor1.o
r - eimptor3.o
r - elj.o
r - elj1.o
r - elj3.o
r - empole.o
r - empole0.o
r - empole1.o
r - empole3.o
r - energy.o
r - eopbend.o
r - eopbend1.o
r - eopbend3.o
r - eopdist.o
r - eopdist1.o
r - eopdist3.o
r - epitors.o
r - epitors1.o
r - epitors3.o
r - epolar.o
r - epolar1.o
r - epolar3.o
r - epolar1tcg1shortreal.o
r - epolar1tcg2shortreal.o
r - epolar1tcg.o
r - epolar1tcg2.o
r - epolar1tcg2_2.o
r - epolar1tcg_2.o
r - epolar3tcg.o
r - epolar3tcg_2.o
r - erepel.o
r - erepel1.o
r - erepel3.o
r - erf.o
r - esmd1.o
r - estrbnd.o
r - estrbnd1.o
r - estrbnd3.o
r - estrtor.o
r - estrtor1.o
r - estrtor3.o
r - etors.o
r - etors1.o
r - etors3.o
r - etortor.o
r - etortor1.o
r - etortor3.o
r - eurey.o
r - eurey1.o
r - eurey3.o
r - evcorr.o
r - extra.o
r - extra1.o
r - extra3.o
r - fatal.o
r - fft_mpi.o
r - field.o
r - final.o
r - freeunit.o
r - geminit.o
r - geometry.o
r - getkey.o
r - getnumb.o
r - getprm.o
r - getstring.o
r - gettext.o
r - getword.o
r - getxyz.o
r - gradient.o
r - image.o
r - initatom.o
r - initial.o
r - initprm.o
r - initres.o
r - invert.o
r - kangang.o
r - kangle.o
r - katom.o
r - kbond.o
r - kcharge.o
r - kchgtrn.o
r - kdisp.o
r - kewald.o
r - kgeom.o
r - kimprop.o
r - kimptor.o
r - kinetic.o
r - kmpole.o
r - kopbend.o
r - kopdist.o
r - kpitors.o
r - kpolar.o
r - krepel.o
r - ksmd.o
r - kstrbnd.o
r - kstrtor.o
r - ktors.o
r - ktortor.o
r - kurey.o
r - kvdw.o
r - lattice.o
r - lbfgs.o
r - linalg.o
r - maxwell.o
r - mdinit.o
r - mdrest.o
r - mdsave.o
r - mdstat.o
r - mechanic.o
r - minimize.o
r - molecule.o
r - mpistuff.o
r - mutate.o
r - nblist.o
r - newinduce_shortreal.o
r - newinduce_pme.o
r - newinduce_pme2.o
r - nextarg.o
r - nexttext.o
r - nspline.o
r - number.o
r - numeral.o
r - openend.o
r - optsave.o
r - pmestuff.o
r - precise.o
r - pressure.o
r - prime.o
r - prmkey.o
r - promo.o
r - promosmd.o
r - prtdyn.o
r - prtxyz.o
r - random.o
r - rattle.o
r - readdyn.o
r - readprm.o
r - readxyz.o
r - respa.o
r - respa1.o
r - rings.o
r - rotpole.o
r - scalders.o
r - search.o
r - shakeup.o
r - sort.o
r - suffix.o
r - switch.o
r - tcgstuff.o
r - temper.o
r - testgrad.o
r - torphase.o
r - torque.o
r - torsions.o
r - trimtext.o
r - unitcell.o
r - utils.o
r - verlet.o
r - version.o
mpif90  -fopenmp -g    -o analyze.x analyze.o libtinker.a  -I../cfgem/lib -L../cfgem/lib -lcfgem -I/opt/mkl//include  -L/opt/mkl//lib/intel64 -lmkl_intel_lp64 -lmkl_intel_thread -lmkl_core -liomp5 -lpthread -lm -I../2decomp_fft/include -L../2decomp_fft/lib -l2decomp_fft -L/lib -lfftw3  -I../cfgem/lib -L../cfgem/lib -lcfgem
mv analyze.x ../bin/analyze
./library.make
r - MOD_action.o
r - MOD_analyz.o
r - MOD_angang.o
r - MOD_angle.o
r - MOD_angpot.o
r - MOD_argue.o
r - MOD_ascii.o
r - MOD_atmlst.o
r - MOD_atoms.o
r - MOD_atmtyp.o
r - MOD_bath.o
r - MOD_bitor.o
r - MOD_bndpot.o
r - MOD_bond.o
r - MOD_bound.o
r - MOD_boxes.o
r - MOD_cell.o
r - MOD_charge.o
r - MOD_chgpen.o
r - MOD_chgpot.o
r - MOD_chgtrn.o
r - MOD_chunks.o
r - MOD_couple.o
r - MOD_ctrpot.o
r - MOD_cutoff.o
r - MOD_deriv.o
r - MOD_divcon.o
r - MOD_disp.o
r - MOD_domdec.o
r - MOD_dsppot.o
r - MOD_energi.o
r - MOD_ewald.o
r - MOD_fft.o
r - MOD_fields.o
r - MOD_files.o
r - MOD_freeze.o
r - MOD_gemstuff.o
r - MOD_group.o
r - MOD_improp.o
r - MOD_imptor.o
r - MOD_inform.o
r - MOD_inter.o
r - MOD_iounit.o
r - MOD_kanang.o
r - MOD_kangs.o
r - MOD_kangs.o
r - MOD_katoms.o
r - MOD_kbonds.o
r - MOD_kchrge.o
r - MOD_kcpen.o
r - MOD_kctrn.o
r - MOD_kdsp.o
r - MOD_keys.o
r - MOD_khbond.o
r - MOD_kiprop.o
r - MOD_kgeoms.o
r - MOD_kitors.o
r - MOD_kmulti.o
r - MOD_kopbnd.o
r - MOD_kopdst.o
r - MOD_kpitor.o
r - MOD_kpolr.o
r - MOD_krepl.o
r - MOD_kstbnd.o
r - MOD_ksttor.o
r - MOD_ktorsn.o
r - MOD_ktrtor.o
r - MOD_kurybr.o
r - MOD_kvdwpr.o
r - MOD_kvdws.o
r - MOD_langevin.o
r - MOD_linmin.o
r - MOD_math.o
r - MOD_mpole.o
r - MOD_mdstuf.o
r - MOD_merck.o
r - MOD_minima.o
r - MOD_molcul.o
r - MOD_moldyn.o
r - MOD_mplpot.o
r - MOD_msmd.o
r - MOD_mutant.o
r - MOD_neigh.o
r - MOD_opbend.o
r - MOD_opdist.o
r - MOD_output.o
r - MOD_params.o
r - MOD_pitors.o
r - MOD_pme.o
r - MOD_polar.o
r - MOD_polgrp.o
r - MOD_polpot.o
r - MOD_potent.o
r - MOD_precis.o
r - MOD_ptable.o
r - MOD_repel.o
r - MOD_reppot.o
r - MOD_resdue.o
r - MOD_ring.o
r - MOD_scales.o
r - MOD_sizes.o
r - MOD_shunt.o
r - MOD_strbnd.o
r - MOD_strtor.o
r - MOD_timestat.o
r - MOD_titles.o
r - MOD_torpot.o
r - MOD_tors.o
r - MOD_tortor.o
r - MOD_units.o
r - MOD_uprior.o
r - MOD_urey.o
r - MOD_urypot.o
r - MOD_usage.o
r - MOD_utils.o
r - MOD_virial.o
r - MOD_vdw.o
r - MOD_vdwpot.o
r - active.o
r - analysis.o
r - analyze.o
r - angles.o
r - attach.o
r - basefile.o
r - beeman.o
r - bicubic.o
r - baoab.o
r - baoabpiston.o
r - baoabrespa.o
r - baoabrespa1.o
r - bar.o
r - bbk.o
r - bitors.o
r - bonds.o
r - bounds.o
r - calendar.o
r - chkpole.o
r - chkring.o
r - chkxyz.o
r - cholesky.o
r - cluster.o
r - command.o
r - control.o
r - cspline.o
r - cutoffs.o
r - damping.o
r - dcinduce_shortreal.o
r - dcinduce_pme2.o
r - dcinduce_pme.o
r - dcinduce_pme2.o
r - diis.o
r - domdecstuff.o
r - dynamic.o
r - eangang.o
r - eangang1.o
r - eangang3.o
r - eangle.o
r - eangle1.o
r - eangle3.o
r - ebond.o
r - ebond1.o
r - ebond3.o
r - echarge.o
r - echarge1.o
r - echarge3.o
r - echgtrn.o
r - echgtrn1.o
r - echgtrn3.o
r - edisp.o
r - edisp1.o
r - edisp3.o
r - egemcx.o
r - egeom.o
r - egeom1.o
r - egeom3.o
r - ehal.o
r - ehal1.o
r - ehal3.o
r - ehalgem.o
r - eimprop.o
r - eimprop1.o
r - eimprop3.o
r - eimptor.o
r - eimptor1.o
r - eimptor3.o
r - elj.o
r - elj1.o
r - elj3.o
r - empole.o
r - empole0.o
r - empole1.o
r - empole3.o
r - energy.o
r - eopbend.o
r - eopbend1.o
r - eopbend3.o
r - eopdist.o
r - eopdist1.o
r - eopdist3.o
r - epitors.o
r - epitors1.o
r - epitors3.o
r - epolar.o
r - epolar1.o
r - epolar3.o
r - epolar1tcg1shortreal.o
r - epolar1tcg2shortreal.o
r - epolar1tcg.o
r - epolar1tcg2.o
r - epolar1tcg2_2.o
r - epolar1tcg_2.o
r - epolar3tcg.o
r - epolar3tcg_2.o
r - erepel.o
r - erepel1.o
r - erepel3.o
r - erf.o
r - esmd1.o
r - estrbnd.o
r - estrbnd1.o
r - estrbnd3.o
r - estrtor.o
r - estrtor1.o
r - estrtor3.o
r - etors.o
r - etors1.o
r - etors3.o
r - etortor.o
r - etortor1.o
r - etortor3.o
r - eurey.o
r - eurey1.o
r - eurey3.o
r - evcorr.o
r - extra.o
r - extra1.o
r - extra3.o
r - fatal.o
r - fft_mpi.o
r - field.o
r - final.o
r - freeunit.o
r - geminit.o
r - geometry.o
r - getkey.o
r - getnumb.o
r - getprm.o
r - getstring.o
r - gettext.o
r - getword.o
r - getxyz.o
r - gradient.o
r - image.o
r - initatom.o
r - initial.o
r - initprm.o
r - initres.o
r - invert.o
r - kangang.o
r - kangle.o
r - katom.o
r - kbond.o
r - kcharge.o
r - kchgtrn.o
r - kdisp.o
r - kewald.o
r - kgeom.o
r - kimprop.o
r - kimptor.o
r - kinetic.o
r - kmpole.o
r - kopbend.o
r - kopdist.o
r - kpitors.o
r - kpolar.o
r - krepel.o
r - ksmd.o
r - kstrbnd.o
r - kstrtor.o
r - ktors.o
r - ktortor.o
r - kurey.o
r - kvdw.o
r - lattice.o
r - lbfgs.o
r - linalg.o
r - maxwell.o
r - mdinit.o
r - mdrest.o
r - mdsave.o
r - mdstat.o
r - mechanic.o
r - minimize.o
r - molecule.o
r - mpistuff.o
r - mutate.o
r - nblist.o
r - newinduce_shortreal.o
r - newinduce_pme.o
r - newinduce_pme2.o
r - nextarg.o
r - nexttext.o
r - nspline.o
r - number.o
r - numeral.o
r - openend.o
r - optsave.o
r - pmestuff.o
r - precise.o
r - pressure.o
r - prime.o
r - prmkey.o
r - promo.o
r - promosmd.o
r - prtdyn.o
r - prtxyz.o
r - random.o
r - rattle.o
r - readdyn.o
r - readprm.o
r - readxyz.o
r - respa.o
r - respa1.o
r - rings.o
r - rotpole.o
r - scalders.o
r - search.o
r - shakeup.o
r - sort.o
r - suffix.o
r - switch.o
r - tcgstuff.o
r - temper.o
r - testgrad.o
r - torphase.o
r - torque.o
r - torsions.o
r - trimtext.o
r - unitcell.o
r - utils.o
r - verlet.o
r - version.o
mpif90  -fopenmp -g    -o bar.x bar.o libtinker.a  -I/opt/mkl//include  -L/opt/mkl//lib/intel64 -lmkl_intel_lp64 -lmkl_intel_thread -lmkl_core -liomp5 -lpthread -lm -I../2decomp_fft/include -L../2decomp_fft/lib -l2decomp_fft -L/lib -lfftw3  -I../cfgem/lib -L../cfgem/lib -lcfgem
mv bar.x ../bin/bar
./library.make
r - MOD_action.o
r - MOD_analyz.o
r - MOD_angang.o
r - MOD_angle.o
r - MOD_angpot.o
r - MOD_argue.o
r - MOD_ascii.o
r - MOD_atmlst.o
r - MOD_atoms.o
r - MOD_atmtyp.o
r - MOD_bath.o
r - MOD_bitor.o
r - MOD_bndpot.o
r - MOD_bond.o
r - MOD_bound.o
r - MOD_boxes.o
r - MOD_cell.o
r - MOD_charge.o
r - MOD_chgpen.o
r - MOD_chgpot.o
r - MOD_chgtrn.o
r - MOD_chunks.o
r - MOD_couple.o
r - MOD_ctrpot.o
r - MOD_cutoff.o
r - MOD_deriv.o
r - MOD_divcon.o
r - MOD_disp.o
r - MOD_domdec.o
r - MOD_dsppot.o
r - MOD_energi.o
r - MOD_ewald.o
r - MOD_fft.o
r - MOD_fields.o
r - MOD_files.o
r - MOD_freeze.o
r - MOD_gemstuff.o
r - MOD_group.o
r - MOD_improp.o
r - MOD_imptor.o
r - MOD_inform.o
r - MOD_inter.o
r - MOD_iounit.o
r - MOD_kanang.o
r - MOD_kangs.o
r - MOD_kangs.o
r - MOD_katoms.o
r - MOD_kbonds.o
r - MOD_kchrge.o
r - MOD_kcpen.o
r - MOD_kctrn.o
r - MOD_kdsp.o
r - MOD_keys.o
r - MOD_khbond.o
r - MOD_kiprop.o
r - MOD_kgeoms.o
r - MOD_kitors.o
r - MOD_kmulti.o
r - MOD_kopbnd.o
r - MOD_kopdst.o
r - MOD_kpitor.o
r - MOD_kpolr.o
r - MOD_krepl.o
r - MOD_kstbnd.o
r - MOD_ksttor.o
r - MOD_ktorsn.o
r - MOD_ktrtor.o
r - MOD_kurybr.o
r - MOD_kvdwpr.o
r - MOD_kvdws.o
r - MOD_langevin.o
r - MOD_linmin.o
r - MOD_math.o
r - MOD_mpole.o
r - MOD_mdstuf.o
r - MOD_merck.o
r - MOD_minima.o
r - MOD_molcul.o
r - MOD_moldyn.o
r - MOD_mplpot.o
r - MOD_msmd.o
r - MOD_mutant.o
r - MOD_neigh.o
r - MOD_opbend.o
r - MOD_opdist.o
r - MOD_output.o
r - MOD_params.o
r - MOD_pitors.o
r - MOD_pme.o
r - MOD_polar.o
r - MOD_polgrp.o
r - MOD_polpot.o
r - MOD_potent.o
r - MOD_precis.o
r - MOD_ptable.o
r - MOD_repel.o
r - MOD_reppot.o
r - MOD_resdue.o
r - MOD_ring.o
r - MOD_scales.o
r - MOD_sizes.o
r - MOD_shunt.o
r - MOD_strbnd.o
r - MOD_strtor.o
r - MOD_timestat.o
r - MOD_titles.o
r - MOD_torpot.o
r - MOD_tors.o
r - MOD_tortor.o
r - MOD_units.o
r - MOD_uprior.o
r - MOD_urey.o
r - MOD_urypot.o
r - MOD_usage.o
r - MOD_utils.o
r - MOD_virial.o
r - MOD_vdw.o
r - MOD_vdwpot.o
r - active.o
r - analysis.o
r - analyze.o
r - angles.o
r - attach.o
r - basefile.o
r - beeman.o
r - bicubic.o
r - baoab.o
r - baoabpiston.o
r - baoabrespa.o
r - baoabrespa1.o
r - bar.o
r - bbk.o
r - bitors.o
r - bonds.o
r - bounds.o
r - calendar.o
r - chkpole.o
r - chkring.o
r - chkxyz.o
r - cholesky.o
r - cluster.o
r - command.o
r - control.o
r - cspline.o
r - cutoffs.o
r - damping.o
r - dcinduce_shortreal.o
r - dcinduce_pme2.o
r - dcinduce_pme.o
r - dcinduce_pme2.o
r - diis.o
r - domdecstuff.o
r - dynamic.o
r - eangang.o
r - eangang1.o
r - eangang3.o
r - eangle.o
r - eangle1.o
r - eangle3.o
r - ebond.o
r - ebond1.o
r - ebond3.o
r - echarge.o
r - echarge1.o
r - echarge3.o
r - echgtrn.o
r - echgtrn1.o
r - echgtrn3.o
r - edisp.o
r - edisp1.o
r - edisp3.o
r - egemcx.o
r - egeom.o
r - egeom1.o
r - egeom3.o
r - ehal.o
r - ehal1.o
r - ehal3.o
r - ehalgem.o
r - eimprop.o
r - eimprop1.o
r - eimprop3.o
r - eimptor.o
r - eimptor1.o
r - eimptor3.o
r - elj.o
r - elj1.o
r - elj3.o
r - empole.o
r - empole0.o
r - empole1.o
r - empole3.o
r - energy.o
r - eopbend.o
r - eopbend1.o
r - eopbend3.o
r - eopdist.o
r - eopdist1.o
r - eopdist3.o
r - epitors.o
r - epitors1.o
r - epitors3.o
r - epolar.o
r - epolar1.o
r - epolar3.o
r - epolar1tcg1shortreal.o
r - epolar1tcg2shortreal.o
r - epolar1tcg.o
r - epolar1tcg2.o
r - epolar1tcg2_2.o
r - epolar1tcg_2.o
r - epolar3tcg.o
r - epolar3tcg_2.o
r - erepel.o
r - erepel1.o
r - erepel3.o
r - erf.o
r - esmd1.o
r - estrbnd.o
r - estrbnd1.o
r - estrbnd3.o
r - estrtor.o
r - estrtor1.o
r - estrtor3.o
r - etors.o
r - etors1.o
r - etors3.o
r - etortor.o
r - etortor1.o
r - etortor3.o
r - eurey.o
r - eurey1.o
r - eurey3.o
r - evcorr.o
r - extra.o
r - extra1.o
r - extra3.o
r - fatal.o
r - fft_mpi.o
r - field.o
r - final.o
r - freeunit.o
r - geminit.o
r - geometry.o
r - getkey.o
r - getnumb.o
r - getprm.o
r - getstring.o
r - gettext.o
r - getword.o
r - getxyz.o
r - gradient.o
r - image.o
r - initatom.o
r - initial.o
r - initprm.o
r - initres.o
r - invert.o
r - kangang.o
r - kangle.o
r - katom.o
r - kbond.o
r - kcharge.o
r - kchgtrn.o
r - kdisp.o
r - kewald.o
r - kgeom.o
r - kimprop.o
r - kimptor.o
r - kinetic.o
r - kmpole.o
r - kopbend.o
r - kopdist.o
r - kpitors.o
r - kpolar.o
r - krepel.o
r - ksmd.o
r - kstrbnd.o
r - kstrtor.o
r - ktors.o
r - ktortor.o
r - kurey.o
r - kvdw.o
r - lattice.o
r - lbfgs.o
r - linalg.o
r - maxwell.o
r - mdinit.o
r - mdrest.o
r - mdsave.o
r - mdstat.o
r - mechanic.o
r - minimize.o
r - molecule.o
r - mpistuff.o
r - mutate.o
r - nblist.o
r - newinduce_shortreal.o
r - newinduce_pme.o
r - newinduce_pme2.o
r - nextarg.o
r - nexttext.o
r - nspline.o
r - number.o
r - numeral.o
r - openend.o
r - optsave.o
r - pmestuff.o
r - precise.o
r - pressure.o
r - prime.o
r - prmkey.o
r - promo.o
r - promosmd.o
r - prtdyn.o
r - prtxyz.o
r - random.o
r - rattle.o
r - readdyn.o
r - readprm.o
r - readxyz.o
r - respa.o
r - respa1.o
r - rings.o
r - rotpole.o
r - scalders.o
r - search.o
r - shakeup.o
r - sort.o
r - suffix.o
r - switch.o
r - tcgstuff.o
r - temper.o
r - testgrad.o
r - torphase.o
r - torque.o
r - torsions.o
r - trimtext.o
r - unitcell.o
r - utils.o
r - verlet.o
r - version.o
mpif90  -fopenmp -g    -o dynamic.x dynamic.o libtinker.a  -I/opt/mkl//include  -L/opt/mkl//lib/intel64 -lmkl_intel_lp64 -lmkl_intel_thread -lmkl_core -liomp5 -lpthread -lm -I../2decomp_fft/include -L../2decomp_fft/lib -l2decomp_fft -L/lib -lfftw3  -I../cfgem/lib -L../cfgem/lib -lcfgem
mv dynamic.x ../bin/dynamic
./library.make
r - MOD_action.o
r - MOD_analyz.o
r - MOD_angang.o
r - MOD_angle.o
r - MOD_angpot.o
r - MOD_argue.o
r - MOD_ascii.o
r - MOD_atmlst.o
r - MOD_atoms.o
r - MOD_atmtyp.o
r - MOD_bath.o
r - MOD_bitor.o
r - MOD_bndpot.o
r - MOD_bond.o
r - MOD_bound.o
r - MOD_boxes.o
r - MOD_cell.o
r - MOD_charge.o
r - MOD_chgpen.o
r - MOD_chgpot.o
r - MOD_chgtrn.o
r - MOD_chunks.o
r - MOD_couple.o
r - MOD_ctrpot.o
r - MOD_cutoff.o
r - MOD_deriv.o
r - MOD_divcon.o
r - MOD_disp.o
r - MOD_domdec.o
r - MOD_dsppot.o
r - MOD_energi.o
r - MOD_ewald.o
r - MOD_fft.o
r - MOD_fields.o
r - MOD_files.o
r - MOD_freeze.o
r - MOD_gemstuff.o
r - MOD_group.o
r - MOD_improp.o
r - MOD_imptor.o
r - MOD_inform.o
r - MOD_inter.o
r - MOD_iounit.o
r - MOD_kanang.o
r - MOD_kangs.o
r - MOD_kangs.o
r - MOD_katoms.o
r - MOD_kbonds.o
r - MOD_kchrge.o
r - MOD_kcpen.o
r - MOD_kctrn.o
r - MOD_kdsp.o
r - MOD_keys.o
r - MOD_khbond.o
r - MOD_kiprop.o
r - MOD_kgeoms.o
r - MOD_kitors.o
r - MOD_kmulti.o
r - MOD_kopbnd.o
r - MOD_kopdst.o
r - MOD_kpitor.o
r - MOD_kpolr.o
r - MOD_krepl.o
r - MOD_kstbnd.o
r - MOD_ksttor.o
r - MOD_ktorsn.o
r - MOD_ktrtor.o
r - MOD_kurybr.o
r - MOD_kvdwpr.o
r - MOD_kvdws.o
r - MOD_langevin.o
r - MOD_linmin.o
r - MOD_math.o
r - MOD_mpole.o
r - MOD_mdstuf.o
r - MOD_merck.o
r - MOD_minima.o
r - MOD_molcul.o
r - MOD_moldyn.o
r - MOD_mplpot.o
r - MOD_msmd.o
r - MOD_mutant.o
r - MOD_neigh.o
r - MOD_opbend.o
r - MOD_opdist.o
r - MOD_output.o
r - MOD_params.o
r - MOD_pitors.o
r - MOD_pme.o
r - MOD_polar.o
r - MOD_polgrp.o
r - MOD_polpot.o
r - MOD_potent.o
r - MOD_precis.o
r - MOD_ptable.o
r - MOD_repel.o
r - MOD_reppot.o
r - MOD_resdue.o
r - MOD_ring.o
r - MOD_scales.o
r - MOD_sizes.o
r - MOD_shunt.o
r - MOD_strbnd.o
r - MOD_strtor.o
r - MOD_timestat.o
r - MOD_titles.o
r - MOD_torpot.o
r - MOD_tors.o
r - MOD_tortor.o
r - MOD_units.o
r - MOD_uprior.o
r - MOD_urey.o
r - MOD_urypot.o
r - MOD_usage.o
r - MOD_utils.o
r - MOD_virial.o
r - MOD_vdw.o
r - MOD_vdwpot.o
r - active.o
r - analysis.o
r - analyze.o
r - angles.o
r - attach.o
r - basefile.o
r - beeman.o
r - bicubic.o
r - baoab.o
r - baoabpiston.o
r - baoabrespa.o
r - baoabrespa1.o
r - bar.o
r - bbk.o
r - bitors.o
r - bonds.o
r - bounds.o
r - calendar.o
r - chkpole.o
r - chkring.o
r - chkxyz.o
r - cholesky.o
r - cluster.o
r - command.o
r - control.o
r - cspline.o
r - cutoffs.o
r - damping.o
r - dcinduce_shortreal.o
r - dcinduce_pme2.o
r - dcinduce_pme.o
r - dcinduce_pme2.o
r - diis.o
r - domdecstuff.o
r - dynamic.o
r - eangang.o
r - eangang1.o
r - eangang3.o
r - eangle.o
r - eangle1.o
r - eangle3.o
r - ebond.o
r - ebond1.o
r - ebond3.o
r - echarge.o
r - echarge1.o
r - echarge3.o
r - echgtrn.o
r - echgtrn1.o
r - echgtrn3.o
r - edisp.o
r - edisp1.o
r - edisp3.o
r - egemcx.o
r - egeom.o
r - egeom1.o
r - egeom3.o
r - ehal.o
r - ehal1.o
r - ehal3.o
r - ehalgem.o
r - eimprop.o
r - eimprop1.o
r - eimprop3.o
r - eimptor.o
r - eimptor1.o
r - eimptor3.o
r - elj.o
r - elj1.o
r - elj3.o
r - empole.o
r - empole0.o
r - empole1.o
r - empole3.o
r - energy.o
r - eopbend.o
r - eopbend1.o
r - eopbend3.o
r - eopdist.o
r - eopdist1.o
r - eopdist3.o
r - epitors.o
r - epitors1.o
r - epitors3.o
r - epolar.o
r - epolar1.o
r - epolar3.o
r - epolar1tcg1shortreal.o
r - epolar1tcg2shortreal.o
r - epolar1tcg.o
r - epolar1tcg2.o
r - epolar1tcg2_2.o
r - epolar1tcg_2.o
r - epolar3tcg.o
r - epolar3tcg_2.o
r - erepel.o
r - erepel1.o
r - erepel3.o
r - erf.o
r - esmd1.o
r - estrbnd.o
r - estrbnd1.o
r - estrbnd3.o
r - estrtor.o
r - estrtor1.o
r - estrtor3.o
r - etors.o
r - etors1.o
r - etors3.o
r - etortor.o
r - etortor1.o
r - etortor3.o
r - eurey.o
r - eurey1.o
r - eurey3.o
r - evcorr.o
r - extra.o
r - extra1.o
r - extra3.o
r - fatal.o
r - fft_mpi.o
r - field.o
r - final.o
r - freeunit.o
r - geminit.o
r - geometry.o
r - getkey.o
r - getnumb.o
r - getprm.o
r - getstring.o
r - gettext.o
r - getword.o
r - getxyz.o
r - gradient.o
r - image.o
r - initatom.o
r - initial.o
r - initprm.o
r - initres.o
r - invert.o
r - kangang.o
r - kangle.o
r - katom.o
r - kbond.o
r - kcharge.o
r - kchgtrn.o
r - kdisp.o
r - kewald.o
r - kgeom.o
r - kimprop.o
r - kimptor.o
r - kinetic.o
r - kmpole.o
r - kopbend.o
r - kopdist.o
r - kpitors.o
r - kpolar.o
r - krepel.o
r - ksmd.o
r - kstrbnd.o
r - kstrtor.o
r - ktors.o
r - ktortor.o
r - kurey.o
r - kvdw.o
r - lattice.o
r - lbfgs.o
r - linalg.o
r - maxwell.o
r - mdinit.o
r - mdrest.o
r - mdsave.o
r - mdstat.o
r - mechanic.o
r - minimize.o
r - molecule.o
r - mpistuff.o
r - mutate.o
r - nblist.o
r - newinduce_shortreal.o
r - newinduce_pme.o
r - newinduce_pme2.o
r - nextarg.o
r - nexttext.o
r - nspline.o
r - number.o
r - numeral.o
r - openend.o
r - optsave.o
r - pmestuff.o
r - precise.o
r - pressure.o
r - prime.o
r - prmkey.o
r - promo.o
r - promosmd.o
r - prtdyn.o
r - prtxyz.o
r - random.o
r - rattle.o
r - readdyn.o
r - readprm.o
r - readxyz.o
r - respa.o
r - respa1.o
r - rings.o
r - rotpole.o
r - scalders.o
r - search.o
r - shakeup.o
r - sort.o
r - suffix.o
r - switch.o
r - tcgstuff.o
r - temper.o
r - testgrad.o
r - torphase.o
r - torque.o
r - torsions.o
r - trimtext.o
r - unitcell.o
r - utils.o
r - verlet.o
r - version.o
mpif90  -fopenmp -g    -o testgrad.x testgrad.o libtinker.a  -I/opt/mkl//include  -L/opt/mkl//lib/intel64 -lmkl_intel_lp64 -lmkl_intel_thread -lmkl_core -liomp5 -lpthread -lm -I../2decomp_fft/include -L../2decomp_fft/lib -l2decomp_fft -L/lib -lfftw3  -I../cfgem/lib -L../cfgem/lib -lcfgem
mv testgrad.x ../bin/testgrad
./library.make
r - MOD_action.o
r - MOD_analyz.o
r - MOD_angang.o
r - MOD_angle.o
r - MOD_angpot.o
r - MOD_argue.o
r - MOD_ascii.o
r - MOD_atmlst.o
r - MOD_atoms.o
r - MOD_atmtyp.o
r - MOD_bath.o
r - MOD_bitor.o
r - MOD_bndpot.o
r - MOD_bond.o
r - MOD_bound.o
r - MOD_boxes.o
r - MOD_cell.o
r - MOD_charge.o
r - MOD_chgpen.o
r - MOD_chgpot.o
r - MOD_chgtrn.o
r - MOD_chunks.o
r - MOD_couple.o
r - MOD_ctrpot.o
r - MOD_cutoff.o
r - MOD_deriv.o
r - MOD_divcon.o
r - MOD_disp.o
r - MOD_domdec.o
r - MOD_dsppot.o
r - MOD_energi.o
r - MOD_ewald.o
r - MOD_fft.o
r - MOD_fields.o
r - MOD_files.o
r - MOD_freeze.o
r - MOD_gemstuff.o
r - MOD_group.o
r - MOD_improp.o
r - MOD_imptor.o
r - MOD_inform.o
r - MOD_inter.o
r - MOD_iounit.o
r - MOD_kanang.o
r - MOD_kangs.o
r - MOD_kangs.o
r - MOD_katoms.o
r - MOD_kbonds.o
r - MOD_kchrge.o
r - MOD_kcpen.o
r - MOD_kctrn.o
r - MOD_kdsp.o
r - MOD_keys.o
r - MOD_khbond.o
r - MOD_kiprop.o
r - MOD_kgeoms.o
r - MOD_kitors.o
r - MOD_kmulti.o
r - MOD_kopbnd.o
r - MOD_kopdst.o
r - MOD_kpitor.o
r - MOD_kpolr.o
r - MOD_krepl.o
r - MOD_kstbnd.o
r - MOD_ksttor.o
r - MOD_ktorsn.o
r - MOD_ktrtor.o
r - MOD_kurybr.o
r - MOD_kvdwpr.o
r - MOD_kvdws.o
r - MOD_langevin.o
r - MOD_linmin.o
r - MOD_math.o
r - MOD_mpole.o
r - MOD_mdstuf.o
r - MOD_merck.o
r - MOD_minima.o
r - MOD_molcul.o
r - MOD_moldyn.o
r - MOD_mplpot.o
r - MOD_msmd.o
r - MOD_mutant.o
r - MOD_neigh.o
r - MOD_opbend.o
r - MOD_opdist.o
r - MOD_output.o
r - MOD_params.o
r - MOD_pitors.o
r - MOD_pme.o
r - MOD_polar.o
r - MOD_polgrp.o
r - MOD_polpot.o
r - MOD_potent.o
r - MOD_precis.o
r - MOD_ptable.o
r - MOD_repel.o
r - MOD_reppot.o
r - MOD_resdue.o
r - MOD_ring.o
r - MOD_scales.o
r - MOD_sizes.o
r - MOD_shunt.o
r - MOD_strbnd.o
r - MOD_strtor.o
r - MOD_timestat.o
r - MOD_titles.o
r - MOD_torpot.o
r - MOD_tors.o
r - MOD_tortor.o
r - MOD_units.o
r - MOD_uprior.o
r - MOD_urey.o
r - MOD_urypot.o
r - MOD_usage.o
r - MOD_utils.o
r - MOD_virial.o
r - MOD_vdw.o
r - MOD_vdwpot.o
r - active.o
r - analysis.o
r - analyze.o
r - angles.o
r - attach.o
r - basefile.o
r - beeman.o
r - bicubic.o
r - baoab.o
r - baoabpiston.o
r - baoabrespa.o
r - baoabrespa1.o
r - bar.o
r - bbk.o
r - bitors.o
r - bonds.o
r - bounds.o
r - calendar.o
r - chkpole.o
r - chkring.o
r - chkxyz.o
r - cholesky.o
r - cluster.o
r - command.o
r - control.o
r - cspline.o
r - cutoffs.o
r - damping.o
r - dcinduce_shortreal.o
r - dcinduce_pme2.o
r - dcinduce_pme.o
r - dcinduce_pme2.o
r - diis.o
r - domdecstuff.o
r - dynamic.o
r - eangang.o
r - eangang1.o
r - eangang3.o
r - eangle.o
r - eangle1.o
r - eangle3.o
r - ebond.o
r - ebond1.o
r - ebond3.o
r - echarge.o
r - echarge1.o
r - echarge3.o
r - echgtrn.o
r - echgtrn1.o
r - echgtrn3.o
r - edisp.o
r - edisp1.o
r - edisp3.o
r - egemcx.o
r - egeom.o
r - egeom1.o
r - egeom3.o
r - ehal.o
r - ehal1.o
r - ehal3.o
r - ehalgem.o
r - eimprop.o
r - eimprop1.o
r - eimprop3.o
r - eimptor.o
r - eimptor1.o
r - eimptor3.o
r - elj.o
r - elj1.o
r - elj3.o
r - empole.o
r - empole0.o
r - empole1.o
r - empole3.o
r - energy.o
r - eopbend.o
r - eopbend1.o
r - eopbend3.o
r - eopdist.o
r - eopdist1.o
r - eopdist3.o
r - epitors.o
r - epitors1.o
r - epitors3.o
r - epolar.o
r - epolar1.o
r - epolar3.o
r - epolar1tcg1shortreal.o
r - epolar1tcg2shortreal.o
r - epolar1tcg.o
r - epolar1tcg2.o
r - epolar1tcg2_2.o
r - epolar1tcg_2.o
r - epolar3tcg.o
r - epolar3tcg_2.o
r - erepel.o
r - erepel1.o
r - erepel3.o
r - erf.o
r - esmd1.o
r - estrbnd.o
r - estrbnd1.o
r - estrbnd3.o
r - estrtor.o
r - estrtor1.o
r - estrtor3.o
r - etors.o
r - etors1.o
r - etors3.o
r - etortor.o
r - etortor1.o
r - etortor3.o
r - eurey.o
r - eurey1.o
r - eurey3.o
r - evcorr.o
r - extra.o
r - extra1.o
r - extra3.o
r - fatal.o
r - fft_mpi.o
r - field.o
r - final.o
r - freeunit.o
r - geminit.o
r - geometry.o
r - getkey.o
r - getnumb.o
r - getprm.o
r - getstring.o
r - gettext.o
r - getword.o
r - getxyz.o
r - gradient.o
r - image.o
r - initatom.o
r - initial.o
r - initprm.o
r - initres.o
r - invert.o
r - kangang.o
r - kangle.o
r - katom.o
r - kbond.o
r - kcharge.o
r - kchgtrn.o
r - kdisp.o
r - kewald.o
r - kgeom.o
r - kimprop.o
r - kimptor.o
r - kinetic.o
r - kmpole.o
r - kopbend.o
r - kopdist.o
r - kpitors.o
r - kpolar.o
r - krepel.o
r - ksmd.o
r - kstrbnd.o
r - kstrtor.o
r - ktors.o
r - ktortor.o
r - kurey.o
r - kvdw.o
r - lattice.o
r - lbfgs.o
r - linalg.o
r - maxwell.o
r - mdinit.o
r - mdrest.o
r - mdsave.o
r - mdstat.o
r - mechanic.o
r - minimize.o
r - molecule.o
r - mpistuff.o
r - mutate.o
r - nblist.o
r - newinduce_shortreal.o
r - newinduce_pme.o
r - newinduce_pme2.o
r - nextarg.o
r - nexttext.o
r - nspline.o
r - number.o
r - numeral.o
r - openend.o
r - optsave.o
r - pmestuff.o
r - precise.o
r - pressure.o
r - prime.o
r - prmkey.o
r - promo.o
r - promosmd.o
r - prtdyn.o
r - prtxyz.o
r - random.o
r - rattle.o
r - readdyn.o
r - readprm.o
r - readxyz.o
r - respa.o
r - respa1.o
r - rings.o
r - rotpole.o
r - scalders.o
r - search.o
r - shakeup.o
r - sort.o
r - suffix.o
r - switch.o
r - tcgstuff.o
r - temper.o
r - testgrad.o
r - torphase.o
r - torque.o
r - torsions.o
r - trimtext.o
r - unitcell.o
r - utils.o
r - verlet.o
r - version.o
mpif90  -fopenmp -g    -o minimize.x minimize.o libtinker.a  -I/opt/mkl//include  -L/opt/mkl//lib/intel64 -lmkl_intel_lp64 -lmkl_intel_thread -lmkl_core -liomp5 -lpthread -lm -I../2decomp_fft/include -L../2decomp_fft/lib -l2decomp_fft -L/lib -lfftw3  -I../cfgem/lib -L../cfgem/lib -lcfgem
mv minimize.x ../bin/minimize
